\BOOKMARK [1][-]{section.1}{数据质量统计}{}% 1
\BOOKMARK [2][-]{subsection.1.1}{质量统计方法}{section.1}% 2
\BOOKMARK [2][-]{subsection.1.2}{测序数据质量统计结果}{section.1}% 3
\BOOKMARK [2][-]{subsection.1.3}{所有测序结果统计表}{section.1}% 4
\BOOKMARK [1][-]{section.2}{基础分析}{}% 5
\BOOKMARK [2][-]{subsection.2.1}{序列组装}{section.2}% 6
\BOOKMARK [3][-]{subsubsection.2.1.1}{组装方法}{subsection.2.1}% 7
\BOOKMARK [3][-]{subsubsection.2.1.2}{重复序列预测}{subsection.2.1}% 8
\BOOKMARK [1][-]{section.3}{基因预测和注释分析}{}% 9
\BOOKMARK [2][-]{subsection.3.1}{COG分析}{section.3}% 10
\BOOKMARK [2][-]{subsection.3.2}{KEGG通路分析}{section.3}% 11
\BOOKMARK [2][-]{subsection.3.3}{ CDS序列多数据库比对注释}{section.3}% 12
\BOOKMARK [2][-]{subsection.3.4}{IS序列分析}{section.3}% 13
\BOOKMARK [2][-]{subsection.3.5}{CRISPR分析}{section.3}% 14
\BOOKMARK [2][-]{subsection.3.6}{噬菌体前体分析}{section.3}% 15
\BOOKMARK [1][-]{section.4}{Introduction2}{}% 16
\BOOKMARK [1][-]{section.5}{Introduction2}{}% 17
\BOOKMARK [1][-]{section.6}{附录和说明}{}% 18
\BOOKMARK [2][-]{subsection.6.1}{名词解释}{section.6}% 19
\BOOKMARK [3][-]{subsubsection.6.1.1}{Polymerase\040Reads}{subsection.6.1}% 20
\BOOKMARK [3][-]{subsubsection.6.1.2}{Subreads}{subsection.6.1}% 21
\BOOKMARK [3][-]{subsubsection.6.1.3}{Observe\040Insert\040length}{subsection.6.1}% 22
\BOOKMARK [3][-]{subsubsection.6.1.4}{Overlap\040Graph}{subsection.6.1}% 23
\BOOKMARK [1][-]{section.7}{结果说明}{}% 24
\BOOKMARK [2][-]{subsection.7.1}{总体结果展示}{section.7}% 25
\BOOKMARK [2][-]{subsection.7.2}{reference文件夹}{section.7}% 26
\BOOKMARK [2][-]{subsection.7.3}{01-1. Circyled_contig/文件夹}{section.7}% 27
\BOOKMARK [2][-]{subsection.7.4}{01-2.Adjusted_contig/文件夹}{section.7}% 28
\BOOKMARK [2][-]{subsection.7.5}{Assembly_END/文件夹}{section.7}% 29
\BOOKMARK [2][-]{subsection.7.6}{02.RepeatMasker文件夹}{section.7}% 30
\BOOKMARK [2][-]{subsection.7.7}{03.Annotation/文件夹}{section.7}% 31
\BOOKMARK [2][-]{subsection.7.8}{04.OtherDatabase文件夹}{section.7}% 32
\BOOKMARK [3][-]{subsubsection.7.8.1}{Detail文件夹}{subsection.7.8}% 33
\BOOKMARK [3][-]{subsubsection.7.8.2}{Table文件夹}{subsection.7.8}% 34
\BOOKMARK [2][-]{subsection.7.9}{05.InsertionSequence文件夹}{section.7}% 35
\BOOKMARK [2][-]{subsection.7.10}{06.ProPhage文件夹}{section.7}% 36
\BOOKMARK [2][-]{subsection.7.11}{07.Crispr文件夹}{section.7}% 37
\BOOKMARK [2][-]{subsection.7.12}{08.Genomic_Island文件夹}{section.7}% 38
\BOOKMARK [2][-]{subsection.7.13}{09.AllResult文件夹}{section.7}% 39
\BOOKMARK [1][-]{section.8}{分析用软件版本和数据库版本}{}% 40
\BOOKMARK [1][-]{section.9}{ok1}{}% 41
\BOOKMARK [2][-]{subsection.9.1}{ok2}{section.9}% 42
\BOOKMARK [1][-]{section.10}{\040Conclusion\040}{}% 43
