This is XeTeX, Version 3.14159265-2.6-0.99992 (TeX Live 2015/dev/Debian) (preloaded format=xelatex 2017.5.9)  11 MAY 2017 16:09
entering extended mode
 restricted \write18 enabled.
 %&-line parsing enabled.
**Bacteria
(/usr/share/texlive/texmf-dist/tex/latex/tools/q.tex
LaTeX2e <2014/05/01>
Babel <3.9l> and hyphenation patterns for 79 languages loaded.
File ignored
)
! Emergency stop.
<*> Bacteria
            
*** (job aborted, no legal \end found)

 
Here is how much of TeX's memory you used:
 6 strings out of 493727
 162 string characters out of 6147891
 53018 words of memory out of 5000000
 3432 multiletter control sequences out of 15000+600000
 3640 words of font info for 14 fonts, out of 8000000 for 9000
 1328 hyphenation exceptions out of 8191
 5i,0n,1p,88b,8s stack positions out of 5000i,500n,10000p,200000b,80000s
No pages of output.
