2019/04/19 12:39:05 [E] [control.go:148] [ae3211ecdfaed792] work connection closed, broken pipe
2019/04/19 12:39:05 [W] [control.go:281] [ae3211ecdfaed792] read error: broken pipe
2019/04/19 12:39:05 [I] [control.go:301] [ae3211ecdfaed792] control writer is closing
2019/04/19 12:39:05 [I] [control.go:399] [ae3211ecdfaed792] try to reconnect to server...
2019/04/19 12:39:17 [W] [control.go:402] [ae3211ecdfaed792] reconnect to server error: i/o timeout
2019/04/19 12:39:18 [I] [control.go:399] [ae3211ecdfaed792] try to reconnect to server...
2019/04/19 12:39:25 [I] [control.go:240] [ae3211ecdfaed792] login to server success, get run id [ae3211ecdfaed792], server udp port [0]
2019/04/19 12:39:26 [I] [control.go:165] [ae3211ecdfaed792] [admin.BLAST] start proxy success
2019/04/19 12:39:26 [I] [control.go:165] [ae3211ecdfaed792] [admin.transmission] start proxy success
2019/04/19 12:39:26 [I] [control.go:165] [ae3211ecdfaed792] [admin.Html] start proxy success
2019/04/19 12:39:26 [I] [control.go:165] [ae3211ecdfaed792] [admin.SMRTPIPE] start proxy success
2019/04/19 12:39:26 [I] [control.go:165] [ae3211ecdfaed792] [admin.SMRTPIPE2] start proxy success
2019/04/19 12:39:26 [I] [control.go:165] [ae3211ecdfaed792] [admin.SMRTPIPE3] start proxy success
2019/04/19 12:42:25 [W] [control.go:281] [ae3211ecdfaed792] read error: broken pipe
2019/04/19 12:42:25 [E] [control.go:148] [ae3211ecdfaed792] work connection closed, broken pipe
2019/04/19 12:42:25 [I] [control.go:301] [ae3211ecdfaed792] control writer is closing
2019/04/19 12:42:25 [I] [control.go:399] [ae3211ecdfaed792] try to reconnect to server...
2019/04/19 12:42:33 [I] [control.go:240] [ae3211ecdfaed792] login to server success, get run id [ae3211ecdfaed792], server udp port [0]
2019/04/19 12:42:33 [I] [control.go:165] [ae3211ecdfaed792] [admin.SMRTPIPE3] start proxy success
2019/04/19 12:42:33 [I] [control.go:165] [ae3211ecdfaed792] [admin.BLAST] start proxy success
2019/04/19 12:42:33 [I] [control.go:165] [ae3211ecdfaed792] [admin.transmission] start proxy success
2019/04/19 12:42:33 [I] [control.go:165] [ae3211ecdfaed792] [admin.Html] start proxy success
2019/04/19 12:42:33 [I] [control.go:165] [ae3211ecdfaed792] [admin.SMRTPIPE] start proxy success
2019/04/19 12:42:33 [I] [control.go:165] [ae3211ecdfaed792] [admin.SMRTPIPE2] start proxy success
2019/04/19 12:52:33 [E] [control.go:148] [ae3211ecdfaed792] work connection closed, broken pipe
2019/04/19 12:52:33 [W] [control.go:281] [ae3211ecdfaed792] read error: broken pipe
2019/04/19 12:52:33 [I] [control.go:301] [ae3211ecdfaed792] control writer is closing
2019/04/19 12:52:33 [I] [control.go:399] [ae3211ecdfaed792] try to reconnect to server...
2019/04/19 12:53:04 [I] [control.go:240] [ae3211ecdfaed792] login to server success, get run id [ae3211ecdfaed792], server udp port [0]
2019/04/19 12:53:05 [I] [control.go:165] [ae3211ecdfaed792] [admin.transmission] start proxy success
2019/04/19 12:53:05 [I] [control.go:165] [ae3211ecdfaed792] [admin.Html] start proxy success
2019/04/19 12:53:05 [I] [control.go:165] [ae3211ecdfaed792] [admin.SMRTPIPE] start proxy success
2019/04/19 12:53:05 [I] [control.go:165] [ae3211ecdfaed792] [admin.SMRTPIPE2] start proxy success
2019/04/19 12:53:05 [I] [control.go:165] [ae3211ecdfaed792] [admin.SMRTPIPE3] start proxy success
2019/04/19 12:53:05 [I] [control.go:165] [ae3211ecdfaed792] [admin.BLAST] start proxy success
